<?xml version="1.0" encoding="UTF-8"?>
<!-- Generated by org.testng.reporters.JUnitXMLReporter -->
<testsuite ignored="0" hostname="DESKTOP-RECRUSN" failures="1" tests="3" name="AssertionTesting" time="19.149" errors="0" timestamp="2022-05-03T22:07:16 IST">
  <testcase classname="assertMethodImplementation.Assertion" name="testHardAssert" time="4.623"/>
  <testcase classname="assertMethodImplementation.Assertion" name="testSoftAssert" time="3.565"/>
  <testcase classname="assertMethodImplementation.Assertion" name="title" time="1.507">
    <failure type="java.lang.AssertionError" message="expected [Google] but found [1Google]">
      <![CDATA[java.lang.AssertionError: expected [Google] but found [1Google]
at assertMethodImplementation.Assertion.title(Assertion.java:82)
at java.base/java.util.ArrayList.forEach(ArrayList.java:1541)
... Removed 33 stack frames]]>
    </failure>
  </testcase> <!-- title -->
</testsuite> <!-- AssertionTesting -->
