<?xml version="1.0" encoding="UTF-8"?>
<!-- Generated by org.testng.reporters.JUnitXMLReporter -->
<testsuite ignored="0" hostname="DESKTOP-RECRUSN" failures="0" tests="4" name="DataProviderTesting" time="0.026" errors="0" timestamp="2022-05-03T22:07:18 IST">
  <testcase classname="DataProvider.DataProviderInteger" name="Testlogin" time="0.003"/>
  <testcase classname="DataProvider.DataProviderInteger" name="Testlogin" time="0.001"/>
  <testcase classname="DataProvider.DataProviderInteger" name="Testlogin" time="0.001"/>
  <testcase classname="DataProvider.DataProviderInteger" name="Testlogin" time="0.001"/>
</testsuite> <!-- DataProviderTesting -->
